<?xml version="1.0" encoding="utf-8"?>
<xsl:stylesheet version="1.0"
	xmlns:xsl="http://www.w3.org/1999/XSL/Transform">
	
	<xsl:output method="text"/>
	
	<xsl:param name="user" select="'anonymous'"/>
	
	<xsl:template match="/">
		User: <xsl:value-of select="$user"/>
		<xsl:apply-templates/>
		<foo>foo</foo>
	</xsl:template>
	
	<xsl:template match="greeting">
		<xsl:apply-templates/>
	</xsl:template>
	
</xsl:stylesheet>